2026-02-27T17:18:50.392Z [gateway] Control UI assets missing; building (ui:build, auto-installs UI deps)…
2026-02-27T17:18:50.469Z [canvas] host mounted at http://127.0.0.1:18789/__openclaw__/canvas/ (root /Users/lvze/.openclaw/canvas)
2026-02-27T17:18:50.554Z [heartbeat] started
2026-02-27T17:18:50.559Z [health-monitor] started (interval: 300s, grace: 60s)
2026-02-27T17:18:50.562Z [gateway] agent model: moonshot/kimi-k2.5
2026-02-27T17:18:50.563Z [gateway] listening on ws://127.0.0.1:18789, ws://[::1]:18789 (PID 18195)
2026-02-27T17:18:50.565Z [gateway] log file: /tmp/openclaw/openclaw-2026-02-28.log
2026-02-27T17:18:50.630Z [browser/server] Browser control listening on http://127.0.0.1:18791/ (auth=token)
2026-02-27T17:18:51.106Z [hooks:loader] Registered hook: boot-md -> gateway:startup
2026-02-27T17:18:51.129Z [hooks:loader] Registered hook: bootstrap-extra-files -> agent:bootstrap
2026-02-27T17:18:51.160Z [hooks:loader] Registered hook: command-logger -> command
2026-02-27T17:18:51.177Z [hooks:loader] Registered hook: session-memory -> command:new, command:reset
2026-02-27T17:18:51.179Z [hooks] loaded 4 internal hook handlers
2026-02-27T17:18:51.190Z [gateway] device pairing auto-approved device=86977034780d476a8093b310e5f3475f38b49128bec4531dcf67afc98d27dbcf role=operator
2026-02-27T17:18:56.544Z [ws] ⇄ res ✓ health 5347ms conn=5c00b726…0975 id=3b6d9fac…2f73
2026-02-27T17:18:56.545Z [ws] ⇄ res ✓ health 3900ms conn=d9803e18…78fc id=48bef3c4…bf36
2026-02-27T17:18:56.547Z [ws] ⇄ res ✓ health 1976ms conn=ae384196…885e id=a8e2c084…beea
2026-02-27T17:18:56.592Z [telegram] [default] starting provider (@zakErrorBot)
2026-02-27T17:18:56.597Z [telegram] autoSelectFamily=true (default-node22)
2026-02-27T17:18:56.598Z [telegram] global undici dispatcher autoSelectFamily=true
2026-02-27T17:18:56.599Z [telegram] dnsResultOrder=ipv4first (default-node22)
2026-02-27T17:20:27.036Z [gateway] signal SIGTERM received
2026-02-27T17:20:27.037Z [gateway] received SIGTERM; shutting down
2026-02-27T17:20:27.069Z [gmail-watcher] gmail watcher stopped
